This is pdfTeX, Version 3.14159265-2.6-1.40.20 (MiKTeX 2.9.7050 64-bit) (preloaded format=pdflatex 2019.7.24)  17 SEP 2019 13:54
entering extended mode
**"./Power Supply Project.tex"
("Power Supply Project.tex"
LaTeX2e <2018-12-01>
("C:\Users\niels\AppData\Local\Programs\MiKTeX 2.9\tex/latex/base\article.cls"
Document Class: article 2018/09/03 v1.4i Standard LaTeX document class
("C:\Users\niels\AppData\Local\Programs\MiKTeX 2.9\tex/latex/base\size11.clo"
File: size11.clo 2018/09/03 v1.4i Standard LaTeX file (size option)
)
\c@part=\count80
\c@section=\count81
\c@subsection=\count82
\c@subsubsection=\count83
\c@paragraph=\count84
\c@subparagraph=\count85
\c@figure=\count86
\c@table=\count87
\abovecaptionskip=\skip41
\belowcaptionskip=\skip42
\bibindent=\dimen102
)
("C:\Users\niels\AppData\Local\Programs\MiKTeX 2.9\tex/latex/geometry\geometry.
sty"
Package: geometry 2018/04/16 v5.8 Page Geometry

("C:\Users\niels\AppData\Local\Programs\MiKTeX 2.9\tex/latex/graphics\keyval.st
y"
Package: keyval 2014/10/28 v1.15 key=value parser (DPC)
\KV@toks@=\toks14
)
("C:\Users\niels\AppData\Local\Programs\MiKTeX 2.9\tex/generic/oberdiek\ifpdf.s
ty"
Package: ifpdf 2018/09/07 v3.3 Provides the ifpdf switch
)
("C:\Users\niels\AppData\Local\Programs\MiKTeX 2.9\tex/generic/oberdiek\ifvtex.
sty"
Package: ifvtex 2016/05/16 v1.6 Detect VTeX and its facilities (HO)
Package ifvtex Info: VTeX not detected.
)
("C:\Users\niels\AppData\Local\Programs\MiKTeX 2.9\tex/generic/ifxetex\ifxetex.
sty"
Package: ifxetex 2010/09/12 v0.6 Provides ifxetex conditional
)
\Gm@cnth=\count88
\Gm@cntv=\count89
\c@Gm@tempcnt=\count90
\Gm@bindingoffset=\dimen103
\Gm@wd@mp=\dimen104
\Gm@odd@mp=\dimen105
\Gm@even@mp=\dimen106
\Gm@layoutwidth=\dimen107
\Gm@layoutheight=\dimen108
\Gm@layouthoffset=\dimen109
\Gm@layoutvoffset=\dimen110
\Gm@dimlist=\toks15

("C:\Users\niels\AppData\Local\Programs\MiKTeX 2.9\tex/latex/geometry\geometry.
cfg"))
("C:\Users\niels\AppData\Local\Programs\MiKTeX 2.9\tex/latex/graphics\graphicx.
sty"
Package: graphicx 2017/06/01 v1.1a Enhanced LaTeX Graphics (DPC,SPQR)

("C:\Users\niels\AppData\Local\Programs\MiKTeX 2.9\tex/latex/graphics\graphics.
sty"
Package: graphics 2017/06/25 v1.2c Standard LaTeX Graphics (DPC,SPQR)

("C:\Users\niels\AppData\Local\Programs\MiKTeX 2.9\tex/latex/graphics\trig.sty"
Package: trig 2016/01/03 v1.10 sin cos tan (DPC)
)
("C:\Users\niels\AppData\Local\Programs\MiKTeX 2.9\tex/latex/graphics-cfg\graph
ics.cfg"
File: graphics.cfg 2016/06/04 v1.11 sample graphics configuration
)
Package graphics Info: Driver file: pdftex.def on input line 99.

("C:\Users\niels\AppData\Local\Programs\MiKTeX 2.9\tex/latex/graphics-def\pdfte
x.def"
File: pdftex.def 2018/01/08 v1.0l Graphics/color driver for pdftex
))
\Gin@req@height=\dimen111
\Gin@req@width=\dimen112
)
("C:\Users\niels\AppData\Local\Programs\MiKTeX 2.9\tex/latex/amsfonts\amssymb.s
ty"
Package: amssymb 2013/01/14 v3.01 AMS font symbols

("C:\Users\niels\AppData\Local\Programs\MiKTeX 2.9\tex/latex/amsfonts\amsfonts.
sty"
Package: amsfonts 2013/01/14 v3.01 Basic AMSFonts support
\@emptytoks=\toks16
\symAMSa=\mathgroup4
\symAMSb=\mathgroup5
LaTeX Font Info:    Overwriting math alphabet `\mathfrak' in version `bold'
(Font)                  U/euf/m/n --> U/euf/b/n on input line 106.
))
("C:\Users\niels\AppData\Local\Programs\MiKTeX 2.9\tex/latex/amsmath\amsmath.st
y"
Package: amsmath 2018/12/01 v2.17b AMS math features
\@mathmargin=\skip43

For additional information on amsmath, use the `?' option.

("C:\Users\niels\AppData\Local\Programs\MiKTeX 2.9\tex/latex/amsmath\amstext.st
y"
Package: amstext 2000/06/29 v2.01 AMS text

("C:\Users\niels\AppData\Local\Programs\MiKTeX 2.9\tex/latex/amsmath\amsgen.sty
"
File: amsgen.sty 1999/11/30 v2.0 generic functions
\@emptytoks=\toks17
\ex@=\dimen113
))
("C:\Users\niels\AppData\Local\Programs\MiKTeX 2.9\tex/latex/amsmath\amsbsy.sty
"
Package: amsbsy 1999/11/29 v1.2d Bold Symbols
\pmbraise@=\dimen114
)
("C:\Users\niels\AppData\Local\Programs\MiKTeX 2.9\tex/latex/amsmath\amsopn.sty
"
Package: amsopn 2016/03/08 v2.02 operator names
)
\inf@bad=\count91
LaTeX Info: Redefining \frac on input line 223.
\uproot@=\count92
\leftroot@=\count93
LaTeX Info: Redefining \overline on input line 385.
\classnum@=\count94
\DOTSCASE@=\count95
LaTeX Info: Redefining \ldots on input line 482.
LaTeX Info: Redefining \dots on input line 485.
LaTeX Info: Redefining \cdots on input line 606.
\Mathstrutbox@=\box27
\strutbox@=\box28
\big@size=\dimen115
LaTeX Font Info:    Redeclaring font encoding OML on input line 729.
LaTeX Font Info:    Redeclaring font encoding OMS on input line 730.
\macc@depth=\count96
\c@MaxMatrixCols=\count97
\dotsspace@=\muskip10
\c@parentequation=\count98
\dspbrk@lvl=\count99
\tag@help=\toks18
\row@=\count100
\column@=\count101
\maxfields@=\count102
\andhelp@=\toks19
\eqnshift@=\dimen116
\alignsep@=\dimen117
\tagshift@=\dimen118
\tagwidth@=\dimen119
\totwidth@=\dimen120
\lineht@=\dimen121
\@envbody=\toks20
\multlinegap=\skip44
\multlinetaggap=\skip45
\mathdisplay@stack=\toks21
LaTeX Info: Redefining \[ on input line 2844.
LaTeX Info: Redefining \] on input line 2845.
)
("C:\Users\niels\AppData\Local\Programs\MiKTeX 2.9\tex/latex/wrapfig\wrapfig.st
y"
\wrapoverhang=\dimen122
\WF@size=\dimen123
\c@WF@wrappedlines=\count103
\WF@box=\box29
\WF@everypar=\toks22
Package: wrapfig 2003/01/31  v 3.6
) ("Power Supply Project.aux")
\openout1 = `"Power Supply Project.aux"'.

LaTeX Font Info:    Checking defaults for OML/cmm/m/it on input line 8.
LaTeX Font Info:    ... okay on input line 8.
LaTeX Font Info:    Checking defaults for T1/cmr/m/n on input line 8.
LaTeX Font Info:    ... okay on input line 8.
LaTeX Font Info:    Checking defaults for OT1/cmr/m/n on input line 8.
LaTeX Font Info:    ... okay on input line 8.
LaTeX Font Info:    Checking defaults for OMS/cmsy/m/n on input line 8.
LaTeX Font Info:    ... okay on input line 8.
LaTeX Font Info:    Checking defaults for OMX/cmex/m/n on input line 8.
LaTeX Font Info:    ... okay on input line 8.
LaTeX Font Info:    Checking defaults for U/cmr/m/n on input line 8.
LaTeX Font Info:    ... okay on input line 8.

*geometry* driver: auto-detecting
*geometry* detected driver: pdftex
*geometry* verbose mode - [ preamble ] result:
* driver: pdftex
* paper: a4paper
* layout: <same size as paper>
* layoutoffset:(h,v)=(0.0pt,0.0pt)
* modes: 
* h-part:(L,W,R)=(42.67912pt, 512.14963pt, 42.67912pt)
* v-part:(T,H,B)=(56.9055pt, 745.46222pt, 42.67912pt)
* \paperwidth=597.50787pt
* \paperheight=845.04684pt
* \textwidth=512.14963pt
* \textheight=745.46222pt
* \oddsidemargin=-29.59087pt
* \evensidemargin=-29.59087pt
* \topmargin=-52.36449pt
* \headheight=12.0pt
* \headsep=25.0pt
* \topskip=11.0pt
* \footskip=30.0pt
* \marginparwidth=50.0pt
* \marginparsep=10.0pt
* \columnsep=10.0pt
* \skip\footins=10.0pt plus 4.0pt minus 2.0pt
* \hoffset=0.0pt
* \voffset=0.0pt
* \mag=1000
* \@twocolumnfalse
* \@twosidefalse
* \@mparswitchfalse
* \@reversemarginfalse
* (1in=72.27pt=25.4mm, 1cm=28.453pt)


("C:\Users\niels\AppData\Local\Programs\MiKTeX 2.9\tex/context/base/mkii\supp-p
df.mkii"
[Loading MPS to PDF converter (version 2006.09.02).]
\scratchcounter=\count104
\scratchdimen=\dimen124
\scratchbox=\box30
\nofMPsegments=\count105
\nofMParguments=\count106
\everyMPshowfont=\toks23
\MPscratchCnt=\count107
\MPscratchDim=\dimen125
\MPnumerator=\count108
\makeMPintoPDFobject=\count109
\everyMPtoPDFconversion=\toks24
)
("C:\Users\niels\AppData\Local\Programs\MiKTeX 2.9\tex/latex/oberdiek\epstopdf-
base.sty"
Package: epstopdf-base 2016/05/15 v2.6 Base part for package epstopdf

("C:\Users\niels\AppData\Local\Programs\MiKTeX 2.9\tex/generic/oberdiek\infware
rr.sty"
Package: infwarerr 2016/05/16 v1.4 Providing info/warning/error messages (HO)
)
("C:\Users\niels\AppData\Local\Programs\MiKTeX 2.9\tex/latex/oberdiek\grfext.st
y"
Package: grfext 2016/05/16 v1.2 Manage graphics extensions (HO)

("C:\Users\niels\AppData\Local\Programs\MiKTeX 2.9\tex/generic/oberdiek\kvdefin
ekeys.sty"
Package: kvdefinekeys 2016/05/16 v1.4 Define keys (HO)

("C:\Users\niels\AppData\Local\Programs\MiKTeX 2.9\tex/generic/oberdiek\ltxcmds
.sty"
Package: ltxcmds 2016/05/16 v1.23 LaTeX kernel commands for general use (HO)
)))
("C:\Users\niels\AppData\Local\Programs\MiKTeX 2.9\tex/latex/oberdiek\kvoptions
.sty"
Package: kvoptions 2016/05/16 v3.12 Key value format for package options (HO)

("C:\Users\niels\AppData\Local\Programs\MiKTeX 2.9\tex/generic/oberdiek\kvsetke
ys.sty"
Package: kvsetkeys 2016/05/16 v1.17 Key value parser (HO)

("C:\Users\niels\AppData\Local\Programs\MiKTeX 2.9\tex/generic/oberdiek\etexcmd
s.sty"
Package: etexcmds 2016/05/16 v1.6 Avoid name clashes with e-TeX commands (HO)

("C:\Users\niels\AppData\Local\Programs\MiKTeX 2.9\tex/generic/oberdiek\ifluate
x.sty"
Package: ifluatex 2016/05/16 v1.4 Provides the ifluatex switch (HO)
Package ifluatex Info: LuaTeX not detected.
))))
("C:\Users\niels\AppData\Local\Programs\MiKTeX 2.9\tex/generic/oberdiek\pdftexc
mds.sty"
Package: pdftexcmds 2018/09/10 v0.29 Utility functions of pdfTeX for LuaTeX (HO
)
Package pdftexcmds Info: LuaTeX not detected.
Package pdftexcmds Info: \pdf@primitive is available.
Package pdftexcmds Info: \pdf@ifprimitive is available.
Package pdftexcmds Info: \pdfdraftmode found.
)
Package epstopdf-base Info: Redefining graphics rule for `.eps' on input line 4
38.
Package grfext Info: Graphics extension search list:
(grfext)             [.pdf,.png,.jpg,.mps,.jpeg,.jbig2,.jb2,.PDF,.PNG,.JPG,.JPE
G,.JBIG2,.JB2,.eps]
(grfext)             \AppendGraphicsExtensions on input line 456.
)
LaTeX Font Info:    Try loading font information for U+msa on input line 12.

("C:\Users\niels\AppData\Local\Programs\MiKTeX 2.9\tex/latex/amsfonts\umsa.fd"
File: umsa.fd 2013/01/14 v3.01 AMS symbols A
)
LaTeX Font Info:    Try loading font information for U+msb on input line 12.
("C:\Users\niels\AppData\Local\Programs\MiKTeX 2.9\tex/latex/amsfonts\umsb.fd"
File: umsb.fd 2013/01/14 v3.01 AMS symbols B
)
<Images/Diagram.png, id=1, 1202.24156pt x 344.03531pt>
File: Images/Diagram.png Graphic file (type png)
<use Images/Diagram.png>
Package pdftex.def Info: Images/Diagram.png  used on input line 22.
(pdftex.def)             Requested size: 512.14963pt x 146.56216pt.

Overfull \hbox (6.79999pt too wide) in paragraph at lines 22--23
 [] 
 []

[1

{C:/Users/niels/AppData/Local/MiKTeX/2.9/pdftex/config/pdftex.map} <./Images/Di
agram.png>]
<Images/rectifier.png, id=13, 225.84375pt x 131.74219pt>
File: Images/rectifier.png Graphic file (type png)
<use Images/rectifier.png>
Package pdftex.def Info: Images/rectifier.png  used on input line 42.
(pdftex.def)             Requested size: 162.25359pt x 94.65326pt.

Overfull \hbox (5.16196pt too wide) in paragraph at lines 42--43
[][] 
 []

<transformer_output.JPG, id=14, 201.553pt x 161.8045pt>
File: transformer_output.JPG Graphic file (type jpg)
<use transformer_output.JPG>
Package pdftex.def Info: transformer_output.JPG  used on input line 46.
(pdftex.def)             Requested size: 163.89162pt x 131.57198pt.

Overfull \hbox (6.79999pt too wide) in paragraph at lines 46--47
[][] 
 []

<rectifier_output.JPG, id=15, 201.553pt x 161.403pt>
File: rectifier_output.JPG Graphic file (type jpg)
<use rectifier_output.JPG>
Package pdftex.def Info: rectifier_output.JPG  used on input line 50.
(pdftex.def)             Requested size: 163.89162pt x 131.24551pt.

Overfull \hbox (6.79999pt too wide) in paragraph at lines 50--51
[][] 
 []

<Rectifier_out_different_cap_values/1uF_cap_rectifier1.JPG, id=16, 375.65344pt 
x 304.13625pt>
File: Rectifier_out_different_cap_values/1uF_cap_rectifier1.JPG Graphic file (t
ype jpg)
<use Rectifier_out_different_cap_values/1uF_cap_rectifier1.JPG>
Package pdftex.def Info: Rectifier_out_different_cap_values/1uF_cap_rectifier1.
JPG  used on input line 63.
(pdftex.def)             Requested size: 160.61308pt x 130.03815pt.

Overfull \hbox (3.52145pt too wide) in paragraph at lines 63--64
[][] 
 []

<Rectifier_out_different_cap_values/10uF_cap_rectifier1.JPG, id=17, 377.91188pt
 x 301.8778pt>
File: Rectifier_out_different_cap_values/10uF_cap_rectifier1.JPG Graphic file (
type jpg)
<use Rectifier_out_different_cap_values/10uF_cap_rectifier1.JPG>
Package pdftex.def Info: Rectifier_out_different_cap_values/10uF_cap_rectifier1
.JPG  used on input line 67.
(pdftex.def)             Requested size: 160.61308pt x 128.29866pt.

Overfull \hbox (3.52145pt too wide) in paragraph at lines 67--68
[][] 
 []

<Rectifier_out_different_cap_values/100uF_cap_rectifier1.JPG, id=18, 374.90062p
t x 302.63063pt>
File: Rectifier_out_different_cap_values/100uF_cap_rectifier1.JPG Graphic file 
(type jpg)
<use Rectifier_out_different_cap_values/100uF_cap_rectifier1.JPG>
Package pdftex.def Info: Rectifier_out_different_cap_values/100uF_cap_rectifier
1.JPG  used on input line 71.
(pdftex.def)             Requested size: 160.61308pt x 129.653pt.

Overfull \hbox (3.52145pt too wide) in paragraph at lines 71--72
[][] 
 []

[2 <./Images/rectifier.png> <./transformer_output.JPG> <./rectifier_output.JPG>
 <./Rectifier_out_different_cap_values/1uF_cap_rectifier1.JPG> <./Rectifier_out
_different_cap_values/10uF_cap_rectifier1.JPG> <./Rectifier_out_different_cap_v
alues/100uF_cap_rectifier1.JPG>]
<Images/Circuit.png, id=23, 305.12395pt x 149.30981pt>
File: Images/Circuit.png Graphic file (type png)
<use Images/Circuit.png>
Package pdftex.def Info: Images/Circuit.png  used on input line 102.
(pdftex.def)             Requested size: 338.02061pt x 165.42145pt.
<Images/PCB.png, id=24, 1014.03844pt x 672.26157pt>
File: Images/PCB.png Graphic file (type png)
<use Images/PCB.png>
Package pdftex.def Info: Images/PCB.png  used on input line 102.
(pdftex.def)             Requested size: 204.85672pt x 135.80397pt.

Overfull \hbox (20.61102pt too wide) in paragraph at lines 100--103
[]  [] 
 []

[3 <./Images/Circuit.png (PNG copy)> <./Images/PCB.png>]
<Images/load_ripple.png, id=29, 602.25pt x 372.39125pt>
File: Images/load_ripple.png Graphic file (type png)
<use Images/load_ripple.png>
Package pdftex.def Info: Images/load_ripple.png  used on input line 118.
(pdftex.def)             Requested size: 256.07481pt x 158.34657pt.
<Images/filter_ripple.png, id=30, 608.2725pt x 372.39125pt>
File: Images/filter_ripple.png Graphic file (type png)
<use Images/filter_ripple.png>
Package pdftex.def Info: Images/filter_ripple.png  used on input line 118.
(pdftex.def)             Requested size: 256.07481pt x 156.7726pt.

Overfull \hbox (10.44998pt too wide) in paragraph at lines 118--119
 [] 
 []

<Images/v_in_out.png, id=31, 607.26875pt x 372.39125pt>
File: Images/v_in_out.png Graphic file (type png)
<use Images/v_in_out.png>
Package pdftex.def Info: Images/v_in_out.png  used on input line 129.
(pdftex.def)             Requested size: 384.11221pt x 235.55096pt.
[4 <./Images/load_ripple.png> <./Images/filter_ripple.png> <./Images/v_in_out.p
ng>]
<Images/circuit_top.jpg, id=39, 2595.6975pt x 1421.31pt>
File: Images/circuit_top.jpg Graphic file (type jpg)
<use Images/circuit_top.jpg>
Package pdftex.def Info: Images/circuit_top.jpg  used on input line 144.
(pdftex.def)             Requested size: 256.07481pt x 140.20914pt.
<Images/circuit_bottom.jpg, id=40, 2527.4425pt x 1692.3225pt>
File: Images/circuit_bottom.jpg Graphic file (type jpg)
<use Images/circuit_bottom.jpg>
Package pdftex.def Info: Images/circuit_bottom.jpg  used on input line 144.
(pdftex.def)             Requested size: 256.07481pt x 171.46292pt.

Overfull \hbox (10.44998pt too wide) in paragraph at lines 144--145
 [] 
 []

<Images/100.jpg, id=41, 1697.5922pt x 1360.33218pt>
File: Images/100.jpg Graphic file (type jpg)
<use Images/100.jpg>
Package pdftex.def Info: Images/100.jpg  used on input line 171.
(pdftex.def)             Requested size: 128.0374pt x 102.58095pt.
<Images/200.jpg, id=42, 1762.33406pt x 1464.2203pt>
File: Images/200.jpg Graphic file (type jpg)
<use Images/200.jpg>
Package pdftex.def Info: Images/200.jpg  used on input line 171.
(pdftex.def)             Requested size: 128.0374pt x 106.37108pt.
<Images/400.jpg, id=43, 1492.8272pt x 1235.36531pt>
File: Images/400.jpg Graphic file (type jpg)
<use Images/400.jpg>
Package pdftex.def Info: Images/400.jpg  used on input line 171.
(pdftex.def)             Requested size: 128.0374pt x 105.93774pt.
<Images/500.jpg, id=44, 1509.38907pt x 1230.84843pt>
File: Images/500.jpg Graphic file (type jpg)
<use Images/500.jpg>
Package pdftex.def Info: Images/500.jpg  used on input line 171.
(pdftex.def)             Requested size: 128.0374pt x 104.40474pt.

Overfull \hbox (17.74994pt too wide) in paragraph at lines 171--172
 [] 
 []

[5 <./Images/circuit_top.jpg> <./Images/circuit_bottom.jpg> <./Images/100.jpg> 
<./Images/200.jpg> <./Images/400.jpg> <./Images/500.jpg>] [6]
("Power Supply Project.aux") ) 
Here is how much of TeX's memory you used:
 2979 strings out of 492895
 42855 string characters out of 3123735
 112690 words of memory out of 3000000
 6832 multiletter control sequences out of 15000+200000
 11659 words of font info for 44 fonts, out of 3000000 for 9000
 1141 hyphenation exceptions out of 8191
 41i,8n,27p,876b,275s stack positions out of 5000i,500n,10000p,200000b,50000s
<C:/Users/niels/AppData/Local/Programs/MiKTeX 2.9
/fonts/type1/public/amsfonts/cm/cmbx10.pfb><C:/Users/niels/AppData/Local/Progra
ms/MiKTeX 2.9/fonts/type1/public/amsfonts/cm/cmbx12.pfb><C:/Users/niels/AppData
/Local/Programs/MiKTeX 2.9/fonts/type1/public/amsfonts/cm/cmmi10.pfb><C:/Users/
niels/AppData/Local/Programs/MiKTeX 2.9/fonts/type1/public/amsfonts/cm/cmmi8.pf
b><C:/Users/niels/AppData/Local/Programs/MiKTeX 2.9/fonts/type1/public/amsfonts
/cm/cmr10.pfb><C:/Users/niels/AppData/Local/Programs/MiKTeX 2.9/fonts/type1/pub
lic/amsfonts/cm/cmr12.pfb><C:/Users/niels/AppData/Local/Programs/MiKTeX 2.9/fon
ts/type1/public/amsfonts/cm/cmr17.pfb><C:/Users/niels/AppData/Local/Programs/Mi
KTeX 2.9/fonts/type1/public/amsfonts/cm/cmsy10.pfb><C:/Users/niels/AppData/Loca
l/Programs/MiKTeX 2.9/fonts/type1/public/amsfonts/cm/cmsy8.pfb>
Output written on "Power Supply Project.pdf" (6 pages, 6359314 bytes).
PDF statistics:
 82 PDF objects out of 1000 (max. 8388607)
 0 named destinations out of 1000 (max. 500000)
 91 words of extra memory for PDF output out of 10000 (max. 10000000)

